All class methods removed by the cleaning functions
====================================================

Protected Methods

wxWindow::SafelyProcessEvent
wxWindow::SendDestroyEvent
wxWithImages::HasImageList
wxWithImages::GetImage
wxFileSystemHandler::GetAnchor
wxFileSystemHandler::GetLeftLocation
wxFileSystemHandler::GetProtocol
wxFileSystemHandler::GetRightLocation
wxObject::AllocExclusive
wxThread::Exit
wxOutputStream::OnSysWrite
wxGrid::CanHaveAttributes
wxGrid::GetColLeft
wxGrid::GetColMinimalWidth
wxGrid::GetColRight
wxGrid::GetRowMinimalHeight
wxGridCellNumberEditor::HasRange
wxGridCellNumberEditor::GetString
wxTextValidator::ContainsExcludedCharacters
wxTextValidator::ContainsOnlyIncludedCharacters
wxXmlResource::ReportError
wxHtmlHelpWindow::CreateContents
wxHtmlHelpWindow::CreateIndex
wxHtmlHelpWindow::CreateSearch
wxHtmlTagHandler::ParseInner
wxModule::AddDependency
wxModule::AddDependency
wxXmlResourceHandler::AddStyle
wxXmlResourceHandler::AddWindowStyles
wxXmlResourceHandler::CreateChildren
wxXmlResourceHandler::CreateChildrenPrivately
wxXmlResourceHandler::CreateResFromNode
wxXmlResourceHandler::GetAnimation
wxXmlResourceHandler::GetBitmap
wxXmlResourceHandler::GetBitmap
wxXmlResourceHandler::GetBool
wxXmlResourceHandler::GetColour
wxXmlResourceHandler::GetCurFileSystem
wxXmlResourceHandler::GetDimension
wxXmlResourceHandler::GetDirection
wxXmlResourceHandler::GetFont
wxXmlResourceHandler::GetID
wxXmlResourceHandler::GetIcon
wxXmlResourceHandler::GetIcon
wxXmlResourceHandler::GetIconBundle
wxXmlResourceHandler::GetImageList
wxXmlResourceHandler::GetLong
wxXmlResourceHandler::GetName
wxXmlResourceHandler::GetNodeContent
wxXmlResourceHandler::GetParamNode
wxXmlResourceHandler::GetParamValue
wxXmlResourceHandler::GetParamValue
wxXmlResourceHandler::GetPosition
wxXmlResourceHandler::GetSize
wxXmlResourceHandler::GetStyle
wxXmlResourceHandler::GetText
wxXmlResourceHandler::HasParam
wxXmlResourceHandler::IsOfClass
wxXmlResourceHandler::ReportError
wxXmlResourceHandler::ReportError
wxXmlResourceHandler::ReportParamError
wxXmlResourceHandler::SetupWindow
wxLogGui::Clear
wxLogGui::GetSeverityIcon
wxLogGui::GetTitle



Virtual Overrides

wxAuiNotebook::AddPage
wxSpinCtrl::SetValue
wxSpinCtrlDouble::SetValue
wxInputStream::Read
wxOutputStream::Write
wxToolBar::SetMargins
wxToolBar::AddTool
wxGrid::GetDefaultEditorForCell
wxDataViewListCtrl::AppendColumn
wxDataViewListCtrl::InsertColumn
wxDataViewListCtrl::PrependColumn
wxToolBarToolBase::Toggle



Operators

wxAuiPaneInfo::operator=
wxGBPosition::operator==
wxGBPosition::operator!=
wxObject::operator delete
wxObject::operator new
wxStreamBase::operator!
wxDataFormat::operator!=
wxDataFormat::operator==
wxPrintDialogData::operator=
wxXmlNode::operator=
wxXmlDocument::operator=



Non Virtual On*

wxTextCtrl::OnDropFiles
wxNotebook::OnSelChange
wxTextValidator::OnChar
wxSashLayoutWindow::OnCalculateLayout
wxSashLayoutWindow::OnQueryLayoutInfo
wxPreviewFrame::OnCloseWindow



Methods duplicated on multiple base classes and not all virtual




Methods implementing unknown types

WXWidget	WXWidget wxWindow::GetHandle()
wxImage::HSVValue	wxImage::HSVValue wxImage::RGBtoHSV(const wxImage::RGBValue& rgb)
wxImage::RGBValue	wxImage::RGBValue wxImage::HSVtoRGB(const wxImage::HSVValue& hsv)
wxList&	wxList& wxImage::GetHandlers()
wxImageHistogram&	unsigned long wxImage::ComputeHistogram(wxImageHistogram& histogram)
wxTreeItemIdValue&	wxTreeItemId wxTreeCtrl::GetNextChild(const wxTreeItemId& item, wxTreeItemIdValue& cookie)
const wxPointList*	void wxDC::DrawLines(const wxPointList* points, wxCoord xoffset=0, wxCoord yoffset=0)
wxFontMetrics	wxFontMetrics wxDC::GetFontMetrics()
wxArrayInt&	bool wxDC::GetPartialTextExtents(const wxString& text, wxArrayInt& widths)
wxAffineMatrix2D	wxAffineMatrix2D wxDC::GetTransformMatrix()
const wxAffineMatrix2D&	bool wxDC::SetTransformMatrix(const wxAffineMatrix2D& matrix)
wxChar	wxChar wxKeyEvent::GetUnicodeKey()
wxCharBuffer	wxCharBuffer wxStyledTextCtrl::GetLineRaw(int line)
wxCharBuffer	wxCharBuffer wxStyledTextCtrl::GetSelectedTextRaw()
wxCharBuffer	wxCharBuffer wxStyledTextCtrl::GetTextRangeRaw(int startPos, int endPos)
wxCharBuffer	wxCharBuffer wxStyledTextCtrl::GetTextRaw()
const wxArrayInt&	 wxRearrangeCtrl::wxRearrangeCtrl(wxWindow* parent, wxWindowID id, const wxPoint& pos, const wxSize& size, const wxArrayInt& order, const wxArrayString& items, long style=0, const wxValidator& validator=wxDefaultValidator, const wxString& name=wxRearrangeListNameStr)
const wxArrayInt&	bool wxRearrangeCtrl::Create(wxWindow* parent, wxWindowID id, const wxPoint& pos, const wxSize& size, const wxArrayInt& order, const wxArrayString& items, long style=0, const wxValidator& validator=wxDefaultValidator, const wxString& name=wxRearrangeListNameStr)
const wxArrayInt&	bool wxRearrangeDialog::Create(wxWindow* parent, const wxString& message, const wxString& title, const wxArrayInt& order, const wxArrayString& items, const wxPoint& pos=wxDefaultPosition, const wxString& name=wxRearrangeDialogNameStr)
const wxArrayInt&	 wxRearrangeDialog::wxRearrangeDialog(wxWindow* parent, const wxString& message, const wxString& title, const wxArrayInt& order, const wxArrayString& items, const wxPoint& pos=wxDefaultPosition, const wxString& name=wxRearrangeDialogNameStr)
const wxArrayInt&	bool wxRearrangeList::Create(wxWindow* parent, wxWindowID id, const wxPoint& pos, const wxSize& size, const wxArrayInt& order, const wxArrayString& items, long style=0, const wxValidator& validator=wxDefaultValidator, const wxString& name=wxRearrangeListNameStr)
const wxArrayInt&	 wxRearrangeList::wxRearrangeList(wxWindow* parent, wxWindowID id, const wxPoint& pos, const wxSize& size, const wxArrayInt& order, const wxArrayString& items, long style=0, const wxValidator& validator=wxDefaultValidator, const wxString& name=wxRearrangeListNameStr)
wxHtmlOpeningStatus	wxHtmlOpeningStatus wxHtmlWindow::OnOpeningURL(wxHtmlURLType type, const wxString& url, wxString* redirect)
wxHtmlWindowInterface*	wxCursor wxHtmlCell::GetMouseCursor(wxHtmlWindowInterface* window)
const wchar_t*	int wxHtmlTag::ScanParam(const wxString& par, const wchar_t* format, void* value)
wxDirFilterListCtrl*	wxDirFilterListCtrl* wxGenericDirCtrl::GetFilterListCtrl()
const wxULongLong&	wxString wxFileName::GetHumanReadableSize(const wxULongLong& bytes, const wxString& nullsize=_("Not available"), int precision=1, wxSizeConvention conv=wxSIZE_CONV_TRADITIONAL)
wxUniChar	wxUniChar wxFileName::GetPathSeparator(wxPathFormat format=wxPATH_NATIVE)
wxChar	bool wxFileName::IsPathSeparator(wxChar ch, wxPathFormat format=wxPATH_NATIVE)
wxMDIClientWindowBase*	wxMDIClientWindowBase* wxMDIParentFrame::GetClientWindow()
wxTreeListItemComparator*	void wxTreeListCtrl::SetItemComparator(wxTreeListItemComparator* comparator)
wxTreeListItems&	unsigned wxTreeListCtrl::GetSelections(wxTreeListItems& selections)
FILE*	 wxFFile::wxFFile(FILE* fp)
const wxMBConv&	bool wxFFile::Write(const wxString& str, const wxMBConv& conv=wxConvAuto())
const wxMBConv&	bool wxFFile::ReadAll(wxString* str, const wxMBConv& conv=wxConvAuto())
FILE*	void wxFFile::Attach(FILE* fp, const wxString& name=wxEmptyString)
FILE*	FILE* wxFFile::fp()
ExtraControlCreatorFunction	bool wxFileDialog::SetExtraControlCreator(ExtraControlCreatorFunction creator)
const wxAuiNotebookPageArray&	int wxAuiTabArt::GetBestTabCtrlSize(wxWindow* , const wxAuiNotebookPageArray& , const wxSize&)
const wxAuiNotebookPage&	void wxAuiTabArt::DrawTab(wxDC& dc, wxWindow* wnd, const wxAuiNotebookPage& page, const wxRect& rect, int close_button_state, wxRect* out_tab_rect, wxRect* out_button_rect, int* x_extent)
const wxGridCellCoords&	wxRect wxGrid::BlockToDeviceRect(const wxGridCellCoords& topLeft, const wxGridCellCoords& bottomRight)
const wxGridCellCoords&	wxRect wxGrid::CellToRect(const wxGridCellCoords& coords)
const wxGridCellCoords&	wxSize wxGrid::GetCellSize(const wxGridCellCoords& coords)
const wxGridCellCoords&	wxString wxGrid::GetCellValue(const wxGridCellCoords& coords)
const wxGridCellCoords&	wxGridCellEditor* wxGrid::GetDefaultEditorForCell(const wxGridCellCoords& c)
wxGridCellCoordsArray	wxGridCellCoordsArray wxGrid::GetSelectedCells()
wxArrayInt	wxArrayInt wxGrid::GetSelectedCols()
wxArrayInt	wxArrayInt wxGrid::GetSelectedRows()
wxGridCellCoordsArray	wxGridCellCoordsArray wxGrid::GetSelectionBlockBottomRight()
wxGridCellCoordsArray	wxGridCellCoordsArray wxGrid::GetSelectionBlockTopLeft()
const wxGridCellCoords&	void wxGrid::GoToCell(const wxGridCellCoords& coords)
const wxGridCellCoords&	bool wxGrid::IsInSelection(const wxGridCellCoords& coords)
const wxGridCellCoords&	bool wxGrid::IsVisible(const wxGridCellCoords& coords, bool wholeCellVisible=true)
const wxGridCellCoords&	void wxGrid::MakeCellVisible(const wxGridCellCoords& coords)
const wxGridCellCoords&	void wxGrid::SelectBlock(const wxGridCellCoords& topLeft, const wxGridCellCoords& bottomRight, bool addToSelected=false)
const wxGridCellCoords&	void wxGrid::SetCellValue(const wxGridCellCoords& coords, const wxString& s)
const wxArrayInt&	void wxGrid::SetColumnsOrder(const wxArrayInt& order)
const wxGridCellCoords&	void wxGrid::SetGridCursor(const wxGridCellCoords& coords)
wxGridCellCoords	wxGridCellCoords wxGrid::XYToCell(int x, int y)
wxGridCellCoords	wxGridCellCoords wxGrid::XYToCell(const wxPoint& pos)
wxGridCellCoords	wxGridCellCoords wxGridRangeSelectEvent::GetBottomRightCoords()
wxGridCellCoords	wxGridCellCoords wxGridRangeSelectEvent::GetTopLeftCoords()
const wxGridCellCoords&	 wxGridRangeSelectEvent::wxGridRangeSelectEvent(int id, wxEventType type, wxObject* obj, const wxGridCellCoords& topLeft, const wxGridCellCoords& bottomRight, bool sel=true, const wxKeyboardState& kbd=wxKeyboardState())
const wxArrayInt&	 wxGridSizesInfo::wxGridSizesInfo(int defSize, const wxArrayInt& allSizes)
const wxGridCellCoords&	bool wxGridTableBase::IsEmpty(const wxGridCellCoords& coords)
wxDataViewItemArray&	int wxDataViewCtrl::GetSelections(wxDataViewItemArray& sel)
const wxDataViewItemArray&	void wxDataViewCtrl::SetSelections(const wxDataViewItemArray& sel)
wxDataViewItemArray&	unsigned int wxDataViewModel::GetChildren(const wxDataViewItem& item, wxDataViewItemArray& children)
const wxDataViewItemArray&	bool wxDataViewModel::ItemsAdded(const wxDataViewItem& parent, const wxDataViewItemArray& items)
const wxDataViewItemArray&	bool wxDataViewModel::ItemsChanged(const wxDataViewItemArray& items)
const wxDataViewItemArray&	bool wxDataViewModel::ItemsDeleted(const wxDataViewItem& parent, const wxDataViewItemArray& items)
const wxDataViewItemArray&	bool wxDataViewModelNotifier::ItemsAdded(const wxDataViewItem& parent, const wxDataViewItemArray& items)
const wxDataViewItemArray&	bool wxDataViewModelNotifier::ItemsChanged(const wxDataViewItemArray& items)
const wxDataViewItemArray&	bool wxDataViewModelNotifier::ItemsDeleted(const wxDataViewItem& parent, const wxDataViewItemArray& items)
const wxVector< wxVariant >&	void wxDataViewListCtrl::AppendItem(const wxVector< wxVariant >& values, wxClientData* data=NULL)
const wxVector< wxVariant >&	void wxDataViewListCtrl::InsertItem(unsigned int row, const wxVector< wxVariant >& values, wxClientData* data=NULL)
const wxVector< wxVariant >&	void wxDataViewListCtrl::PrependItem(const wxVector< wxVariant >& values, wxClientData* data=NULL)
const wxVector< wxVariant >&	void wxDataViewListStore::AppendItem(const wxVector< wxVariant >& values, wxClientData* data=NULL)
const wxVector< wxVariant >&	void wxDataViewListStore::InsertItem(unsigned int row, const wxVector< wxVariant >& values, wxClientData* data=NULL)
const wxVector< wxVariant >&	void wxDataViewListStore::PrependItem(const wxVector< wxVariant >& values, wxClientData* data=NULL)
const wxArrayInt&	void wxDataViewListModel::RowsDeleted(const wxArrayInt& rows)
const wxMBConv&	 wxDataInputStream::wxDataInputStream(wxInputStream& stream, const wxMBConv& conv=wxConvUTF8)
const wxMBConv&	void wxDataInputStream::SetConv(const wxMBConv& conv)
wxMBConv*	wxMBConv* wxDataInputStream::GetConv()
wxDataObjectBase::Direction	wxDataObjectSimple* wxDataObjectComposite::GetObject(const wxDataFormat& format, wxDataObjectBase::Direction dir=Get)
wxMBConv*	wxMBConv* wxDataOutputStream::GetConv()
const wxMBConv&	void wxDataOutputStream::SetConv(const wxMBConv& conv)
const wxMBConv&	 wxDataOutputStream::wxDataOutputStream(wxOutputStream& stream, const wxMBConv& conv=wxConvUTF8)
wxChar*	bool wxVariant::Convert(wxChar* value)
wxUniChar	wxUniChar wxVariant::GetChar()
wxLongLong	wxLongLong wxVariant::GetLongLong()
wxULongLong	wxULongLong wxVariant::GetULongLong()
wxAny*	bool wxVariantData::GetAny(wxAny* any)
istream&	bool wxVariantData::Read(istream& stream)
ostream&	bool wxVariantData::Write(ostream& stream)
const wxChar*	const wxChar* wxClassInfo::GetBaseClassName1()
const wxChar*	const wxChar* wxClassInfo::GetBaseClassName2()
const wxChar*	const wxChar* wxClassInfo::GetClassName()
const wxChar*	 wxClassInfo::wxClassInfo(const wxChar* className, const wxClassInfo* baseClass1, const wxClassInfo* baseClass2, int size, wxObjectConstructorFn fn)
wxMemoryBuffer*	bool wxConfigBase::Read(const wxString& key, wxMemoryBuffer* buf)
const wxMemoryBuffer&	bool wxConfigBase::Write(const wxString& key, const wxMemoryBuffer& buf)
const wxMBConv&	 wxConfigBase::wxConfigBase(const wxString& appName=wxEmptyString, const wxString& vendorName=wxEmptyString, const wxString& localFilename=wxEmptyString, const wxString& globalFilename=wxEmptyString, long style=0, const wxMBConv& conv=wxConvAuto())
wxArrayInt	wxArrayInt wxHeaderCtrl::GetColumnsOrder()
wxArrayInt&	void wxHeaderCtrl::MoveColumnInOrderArray(wxArrayInt& order, unsigned int idx, unsigned int pos)
const wxArrayInt&	void wxHeaderCtrl::SetColumnsOrder(const wxArrayInt& order)
const wxArrayInt&	void wxHeaderCtrl::UpdateColumnsOrder(const wxArrayInt& order)
wxArrayInt*	 wxGenericValidator::wxGenericValidator(wxArrayInt* valPtr)
const wxAuiToolBarItemArray&	int wxAuiToolBarArt::ShowDropDown(wxWindow* wnd, const wxAuiToolBarItemArray& items)
wxLinuxDistributionInfo	wxLinuxDistributionInfo wxPlatformInfo::GetLinuxDistributionInfo()
wxPrintPreviewBase*	 wxPreviewFrame::wxPreviewFrame(wxPrintPreviewBase* preview, wxWindow* parent, const wxString& title="Print Preview", const wxPoint& pos=wxDefaultPosition, const wxSize& size=wxDefaultSize, long style=wxDEFAULT_FRAME_STYLE, const wxString& name=wxFrameNameStr)
wxPrintPreviewBase*	wxPrintPreviewBase* wxPreviewControlBar::GetPrintPreview()
wxArrayInt&	int wxHtmlDCRenderer::Render(int x, int y, wxArrayInt& known_pagebreaks, int from=0, int dont_render=false, int to=INT_MAX)
const wxHtmlBookRecArray&	const wxHtmlBookRecArray& wxHtmlHelpData::GetBookRecArray()
const wxHtmlHelpDataItems&	const wxHtmlHelpDataItems& wxHtmlHelpData::GetContentsArray()
const wxHtmlHelpDataItems&	const wxHtmlHelpDataItems& wxHtmlHelpData::GetIndexArray()
wxHtmlSelection*	wxHtmlSelection* wxHtmlRenderingInfo::GetSelection()
wxHtmlRenderingState&	wxHtmlRenderingState& wxHtmlRenderingInfo::GetState()
wxHtmlSelection*	void wxHtmlRenderingInfo::SetSelection(wxHtmlSelection* s)
wxHtmlParser*	void wxHtmlTagHandler::SetParser(wxHtmlParser* parser)
wxEncodingConverter*	wxEncodingConverter* wxHtmlWinParser::GetEncodingConverter()
wxHtmlWindowInterface*	 wxHtmlWinParser::wxHtmlWinParser(wxHtmlWindowInterface* wndIface=NULL)
wxHeaderButtonParams*	int wxRendererNative::DrawHeaderButton(wxWindow* win, wxDC& dc, const wxRect& rect, int flags=0, wxHeaderSortIconType sortArrow=wxHDR_SORT_ICON_NONE, wxHeaderButtonParams* params=NULL)
wxHeaderButtonParams*	int wxRendererNative::DrawHeaderButtonContents(wxWindow* win, wxDC& dc, const wxRect& rect, int flags=0, wxHeaderSortIconType sortArrow=wxHDR_SORT_ICON_NONE, wxHeaderButtonParams* params=NULL)
wxSplitterRenderParams	wxSplitterRenderParams wxRendererNative::GetSplitterParams(const wxWindow* win)
wxRendererVersion	wxRendererVersion wxRendererNative::GetVersion()
const wxChar**	const wxChar** wxFontMapper::GetAllEncodingNames(wxFontEncoding encoding)
wxNativeEncodingInfo*	bool wxFontMapper::GetAltForEncoding(wxFontEncoding encoding, wxNativeEncodingInfo* info, const wxString& facename=wxEmptyString, bool interactive=true)
FILE*	 wxFFileInputStream::wxFFileInputStream(FILE* fp)
FILE*	 wxFFileOutputStream::wxFFileOutputStream(FILE* fp)
ssize_t	ssize_t wxFile::Read(void* buffer, size_t count)
const wxMBConv&	bool wxFile::Write(const wxString& s, const wxMBConv& conv=wxConvUTF8)
const wxMBConv&	bool wxFileConfig::Save(wxOutputStream& os, const wxMBConv& conv=wxConvAuto())
const wxMBConv&	 wxFileConfig::wxFileConfig(const wxString& appName=wxEmptyString, const wxString& vendorName=wxEmptyString, const wxString& localFilename=wxEmptyString, const wxString& globalFilename=wxEmptyString, long style=wxCONFIG_USE_LOCAL_FILE|wxCONFIG_USE_GLOBAL_FILE, const wxMBConv& conv=wxConvAuto())
const wxList&	const wxList& wxFileHistory::GetMenus()
const MessageParameters&	wxString wxFileType::ExpandCommand(const wxString& command, const MessageParameters& params)
wxIconLocation*	bool wxFileType::GetIcon(wxIconLocation* iconLoc)
const MessageParameters&	bool wxFileType::GetOpenCommand(wxString* command, const MessageParameters& params)
const MessageParameters&	bool wxFileType::GetPrintCommand(wxString* command, const MessageParameters& params)
...	 wxFileTypeInfo::wxFileTypeInfo(const wxString& mimeType, const wxString& openCmd, const wxString& printCmd, const wxString& description, const wxString& extension, ...)
wxLongLong	wxLongLong wxStopWatch::TimeInMicro()
const wxLogRecordInfo&	void wxLog::DoLogRecord(wxLogLevel level, const wxString& msg, const wxLogRecordInfo& info)
const wxLogRecordInfo&	void wxLog::LogRecord(wxLogLevel level, const wxString& msg, const wxLogRecordInfo& info)
const wxRibbonPageTabInfo&	void wxRibbonArtProvider::DrawTab(wxDC& dc, wxWindow* wnd, const wxRibbonPageTabInfo& tab)
const wxRibbonPageTabInfoArray&	int wxRibbonArtProvider::GetTabCtrlHeight(wxDC& dc, wxWindow* wnd, const wxRibbonPageTabInfoArray& pages)
const wxColor&	void wxRibbonArtProvider::SetColour(int id, const wxColor& colour)
wxToolBarBase*	void wxToolBarToolBase::Attach(wxToolBarBase* tbar)
wxToolBarBase*	wxToolBarBase* wxToolBarToolBase::GetToolBar()
wxToolBarBase*	 wxToolBarToolBase::wxToolBarToolBase(wxToolBarBase* tbar=NULL, int toolid=wxID_SEPARATOR, const wxString& label=wxEmptyString, const wxBitmap& bmpNormal=wxNullBitmap, const wxBitmap& bmpDisabled=wxNullBitmap, wxItemKind kind=wxITEM_NORMAL, wxObject* clientData=NULL, const wxString& shortHelpString=wxEmptyString, const wxString& longHelpString=wxEmptyString)
wxToolBarBase*	 wxToolBarToolBase::wxToolBarToolBase(wxToolBarBase* tbar, wxControl* control, const wxString& label)
wxVector< wxSharedPtr< wxWebViewHistoryItem > >	wxVector< wxSharedPtr< wxWebViewHistoryItem > > wxWebView::GetBackwardHistory()
wxSharedPtr< wxWebViewHandler >	void wxWebView::RegisterHandler(wxSharedPtr< wxWebViewHandler > handler)
wxSharedPtr< wxWebViewHistoryItem >	void wxWebView::LoadHistoryItem(wxSharedPtr< wxWebViewHistoryItem > item)
wxVector< wxSharedPtr< wxWebViewHistoryItem > >	wxVector< wxSharedPtr< wxWebViewHistoryItem > > wxWebView::GetForwardHistory()



Functions implementing unknown types

wxChar**	bool wxInitialize(int argc, wxChar** argv)
wxChar**	int wxEntry(int& argc, wxChar** argv)
HINSTANCE	int wxEntry(HINSTANCE hInstance, HINSTANCE hPrevInstance, char* pCmdLine, int nCmdShow)
const wxChar*	const wxChar* wxSysErrorMsg(unsigned long errCode)
...	void wxLogGeneric(wxLogLevel level, const char* formatString, ...)
va_list	void wxVLogGeneric(wxLogLevel level, const char* formatString, va_list argPtr)
...	void wxLogMessage(const char* formatString, ...)
va_list	void wxVLogMessage(const char* formatString, va_list argPtr)
...	void wxLogVerbose(const char* formatString, ...)
va_list	void wxVLogVerbose(const char* formatString, va_list argPtr)
...	void wxLogWarning(const char* formatString, ...)
va_list	void wxVLogWarning(const char* formatString, va_list argPtr)
...	void wxLogFatalError(const char* formatString, ...)
va_list	void wxVLogFatalError(const char* formatString, va_list argPtr)
...	void wxLogError(const char* formatString, ...)
va_list	void wxVLogError(const char* formatString, va_list argPtr)
...	void wxLogTrace(const char* mask, const char* formatString, ...)
wxTraceMask	void wxLogTrace(wxTraceMask mask, const char* formatString, ...)
va_list	void wxVLogTrace(const char* mask, const char* formatString, va_list argPtr)
wxTraceMask	void wxVLogTrace(wxTraceMask mask, const char* formatString, va_list argPtr)
...	void wxLogDebug(const char* formatString, ...)
va_list	void wxVLogDebug(const char* formatString, va_list argPtr)
...	void wxLogStatus(wxFrame* frame, const char* formatString, ...)
...	void wxLogStatus(const char* formatString, ...)
va_list	void wxVLogStatus(wxFrame* frame, const char* formatString, va_list argPtr)
va_list	void wxVLogStatus(const char* formatString, va_list argPtr)
...	void wxLogSysError(const char* formatString, ...)
va_list	void wxVLogSysError(const char* formatString, va_list argPtr)
const wxChar	wxArrayString wxSplit(const wxString& str, const wxChar sep, const wxChar escape)
const wxChar	wxString wxJoin(const wxArrayString& arr, const wxChar sep, const wxChar escape)
wxAtomicInt&	void wxAtomicInc(wxAtomicInt& value)
wxAtomicInt&	wxInt32 wxAtomicDec(wxAtomicInt& value)
const wxMemoryBuffer&	wxString wxBase64Encode(const wxMemoryBuffer& buf)
wxMemoryBuffer	wxMemoryBuffer wxBase64Decode(const char* src, size_t srcLen, wxBase64DecodeMode mode, size_t* posErr)
wxMemoryBuffer	wxMemoryBuffer wxBase64Decode(const wxString& src, wxBase64DecodeMode mode, size_t* posErr)
wxArrayInt&	int wxGetSelectedChoices(wxArrayInt& selections, const wxString& message, const wxString& caption, const wxArrayString& aChoices, wxWindow* parent, int x, int y, bool centre, int width, int height)
wxArrayInt&	int wxGetSelectedChoices(wxArrayInt& selections, const wxString& message, const wxString& caption, int n, const wxString& choices[], wxWindow* parent, int x, int y, bool centre, int width, int height)
wxAssertHandler_t	wxAssertHandler_t wxSetAssertHandler(wxAssertHandler_t handler)
	 wxDELETE(T*& ptr)
	 wxDELETEA(T*& array)
	 wxSwap(T& first, T& second)
va_list	void wxVaCopy(va_list argptrDst, va_list argptrSrc)
wxLongLong	bool wxGetDiskSpace(const wxString& path, wxLongLong total, wxLongLong free)
wxChar*	void wxDos2UnixFilename(wxChar* s)
wxChar*	void wxUnix2DosFilename(wxChar* s)
time_t	time_t wxFileModificationTime(const wxString& filename)
FILE*	wxFileKind wxGetFileKind(FILE* fp)
wxChar**	bool wxEntryStart(int& argc, wxChar** argv)
HINSTANCE	bool wxEntryStart(HINSTANCE hInstance, HINSTANCE hPrevInstance, char* pCmdLine, int nCmdShow)
wxLongLong_t	wxLongLong_t wxLL(number)
wxLongLong_t	wxLongLong_t wxULL(number)
const wxInt8*	wxFloat64 wxConvertFromIeeeExtended(const wxInt8* bytes)
wxInt8*	void wxConvertToIeeeExtended(wxFloat64 num, wxInt8* bytes)
...	void wxTrace(const wxString& format, ...)
...	void wxTraceLevel(int level, const wxString& format, ...)
T*	bool wxPersistentRegisterAndRestore(T* obj, const wxString& name)
WXDLLIMPEXP_RICHTEXT bool	WXDLLIMPEXP_RICHTEXT bool wxTextAttrEq(const wxRichTextAttr& attr1, const wxRichTextAttr& attr2)
WXDLLIMPEXP_RICHTEXT bool	WXDLLIMPEXP_RICHTEXT bool wxTextAttrEqPartial(const wxRichTextAttr& attr1, const wxRichTextAttr& attr2)
WXDLLIMPEXP_RICHTEXT bool	WXDLLIMPEXP_RICHTEXT bool wxRichTextApplyStyle(wxRichTextAttr& destStyle, const wxRichTextAttr& style, wxRichTextAttr* compareWith)
WXDLLIMPEXP_RICHTEXT bool	WXDLLIMPEXP_RICHTEXT bool wxRichTextRemoveStyle(wxRichTextAttr& destStyle, const wxRichTextAttr& style)
WXDLLIMPEXP_RICHTEXT bool	WXDLLIMPEXP_RICHTEXT bool wxRichTextCombineBitlists(int& valueA, int valueB, int& flagsA, int flagsB)
WXDLLIMPEXP_RICHTEXT bool	WXDLLIMPEXP_RICHTEXT bool wxRichTextBitlistsEqPartial(int valueA, int valueB, int flags)
WXDLLIMPEXP_RICHTEXT bool	WXDLLIMPEXP_RICHTEXT bool wxRichTextSplitParaCharStyles(const wxRichTextAttr& style, wxRichTextAttr& parStyle, wxRichTextAttr& charStyle)
WXDLLIMPEXP_RICHTEXT bool	WXDLLIMPEXP_RICHTEXT bool wxRichTextTabsEq(const wxArrayInt& tabs1, const wxArrayInt& tabs2)
WXDLLIMPEXP_RICHTEXT wxString	WXDLLIMPEXP_RICHTEXT wxString wxRichTextDecimalToRoman(long n)
WXDLLIMPEXP_RICHTEXT void	WXDLLIMPEXP_RICHTEXT void wxTextAttrCollectCommonAttributes(wxTextAttr& currentStyle, const wxTextAttr& attr, wxTextAttr& clashingAttr, wxTextAttr& absentAttr)
WXDLLIMPEXP_RICHTEXT void	WXDLLIMPEXP_RICHTEXT void wxRichTextModuleInit()
wxScopeGuard	wxScopeGuard wxMakeGuard(F func, P1 p1, ... , PN pN)
wxLongLong	wxLongLong wxGetLocalTimeMillis()
wxLongLong	wxLongLong wxGetUTCTimeMillis()
wxLongLong	wxLongLong wxGetUTCTimeUSec()
wxTipProvider*	wxTipProvider* wxCreateFileTipProvider(const wxString& filename, size_t currentTip)
wxTipProvider*	bool wxShowTip(wxWindow* parent, wxTipProvider* tipProvider, bool showAtStartup)
wxChar*	wxChar* wxGetenv(const wxString& var)
wchar_t*	wchar_t* wxGetenv(const wchar_t* name)
const wxCStrData&	char* wxGetenv(const wxCStrData& name)
const wxCharBuffer&	char* wxGetenv(const wxCharBuffer& name)
wchar_t*	wchar_t* wxGetenv(const wxWCharBuffer& name)
wxEnvVariableHashMap*	bool wxGetEnvMap(wxEnvVariableHashMap* map)
wxSortCallback	void wxQsort(void* pbase, size_t total_elems, size_t size, wxSortCallback cmp, const void* user_data)
wxMemorySize	wxMemorySize wxGetFreeMemory()
wxLinuxDistributionInfo	wxLinuxDistributionInfo wxGetLinuxDistributionInfo()
const wxExecuteEnv*	long wxExecute(const wxString& command, int flags, wxProcess* callback, const wxExecuteEnv* env)
const wxExecuteEnv*	long wxExecute(char** argv, int flags, wxProcess* callback, const wxExecuteEnv* env)
wchar_t**	long wxExecute(wchar_t** argv, int flags, wxProcess* callback, const wxExecuteEnv* env)
const wxExecuteEnv*	long wxExecute(const wxString& command, wxArrayString& output, int flags, const wxExecuteEnv* env)
const wxExecuteEnv*	long wxExecute(const wxString& command, wxArrayString& output, wxArrayString& errors, int flags, const wxExecuteEnv* env)
wxFloatingPointValidator< T >	wxFloatingPointValidator< T > wxMakeFloatingPointValidator(T* value, int style)
wxFloatingPointValidator< T >	wxFloatingPointValidator< T > wxMakeFloatingPointValidator(int precision, T* value, int style)
wxIntegerValidator< T >	wxIntegerValidator< T > wxMakeIntegerValidator(T* value, int style)
wxVector< T >&	void wxVectorSort(wxVector< T >& v)
const wchar_t*	bool wxIsEmpty(const wchar_t* s)
const wxCharBuffer&	bool wxIsEmpty(const wxCharBuffer& s)
const wxWCharBuffer&	bool wxIsEmpty(const wxWCharBuffer& s)
const wxCStrData&	bool wxIsEmpty(const wxCStrData& s)
wxChar*	wxChar* wxTmemchr(const wxChar* s, wxChar c, size_t l)
const wxChar*	int wxTmemcmp(const wxChar* sz1, const wxChar* sz2, size_t len)
wxChar*	wxChar* wxTmemcpy(wxChar* szOut, const wxChar* szIn, size_t len)
wxChar*	wxChar* wxTmemmove(wxChar* szOut, const wxChar* szIn, size_t len)
wxChar*	wxChar* wxTmemset(wxChar* szOut, const wxChar cIn, size_t len)
const wxCharBuffer&	char* wxSetlocale(int category, const wxCharBuffer& locale)
const wxCStrData&	char* wxSetlocale(int category, const wxCStrData& locale)
const wxCharBuffer&	size_t wxStrlen(const wxCharBuffer& s)
const wxWCharBuffer&	size_t wxStrlen(const wxWCharBuffer& s)
const wxCStrData&	size_t wxStrlen(const wxCStrData& s)
const wchar_t*	size_t wxStrnlen(const wchar_t* str, size_t maxlen)
const wxCharBuffer&	char* wxStrdup(const wxCharBuffer& s)
wchar_t*	wchar_t* wxStrdup(const wxWCharBuffer& s)
const wxCStrData&	char* wxStrdup(const wxCStrData& s)
wchar_t*	wchar_t* wxStrcpy(wchar_t* dest, const wchar_t* src)
const wxCStrData&	char* wxStrcpy(char* dest, const wxCStrData& src)
const wxCharBuffer&	char* wxStrcpy(char* dest, const wxCharBuffer& src)
wchar_t*	wchar_t* wxStrcpy(wchar_t* dest, const wxString& src)
wchar_t*	wchar_t* wxStrcpy(wchar_t* dest, const wxCStrData& src)
wchar_t*	wchar_t* wxStrcpy(wchar_t* dest, const wxWCharBuffer& src)
const wchar_t*	char* wxStrcpy(char* dest, const wchar_t* src)
wchar_t*	wchar_t* wxStrcpy(wchar_t* dest, const char* src)
wchar_t*	wchar_t* wxStrncpy(wchar_t* dest, const wchar_t* src, size_t n)
const wxCStrData&	char* wxStrncpy(char* dest, const wxCStrData& src, size_t n)
const wxCharBuffer&	char* wxStrncpy(char* dest, const wxCharBuffer& src, size_t n)
wchar_t*	wchar_t* wxStrncpy(wchar_t* dest, const wxString& src, size_t n)
wchar_t*	wchar_t* wxStrncpy(wchar_t* dest, const wxCStrData& src, size_t n)
wchar_t*	wchar_t* wxStrncpy(wchar_t* dest, const wxWCharBuffer& src, size_t n)
const wchar_t*	char* wxStrncpy(char* dest, const wchar_t* src, size_t n)
wchar_t*	wchar_t* wxStrncpy(wchar_t* dest, const char* src, size_t n)
wchar_t*	size_t wxStrlcpy(wchar_t* dest, const wchar_t* src, size_t n)
wchar_t*	wchar_t* wxStrcat(wchar_t* dest, const wchar_t* src)
const wxCStrData&	char* wxStrcat(char* dest, const wxCStrData& src)
const wxCharBuffer&	char* wxStrcat(char* dest, const wxCharBuffer& src)
wchar_t*	wchar_t* wxStrcat(wchar_t* dest, const wxString& src)
wchar_t*	wchar_t* wxStrcat(wchar_t* dest, const wxCStrData& src)
wchar_t*	wchar_t* wxStrcat(wchar_t* dest, const wxWCharBuffer& src)
const wchar_t*	char* wxStrcat(char* dest, const wchar_t* src)
wchar_t*	wchar_t* wxStrcat(wchar_t* dest, const char* src)
wchar_t*	wchar_t* wxStrncat(wchar_t* dest, const wchar_t* src, size_t n)
const wxCStrData&	char* wxStrncat(char* dest, const wxCStrData& src, size_t n)
const wxCharBuffer&	char* wxStrncat(char* dest, const wxCharBuffer& src, size_t n)
wchar_t*	wchar_t* wxStrncat(wchar_t* dest, const wxString& src, size_t n)
wchar_t*	wchar_t* wxStrncat(wchar_t* dest, const wxCStrData& src, size_t n)
wchar_t*	wchar_t* wxStrncat(wchar_t* dest, const wxWCharBuffer& src, size_t n)
const wchar_t*	char* wxStrncat(char* dest, const wchar_t* src, size_t n)
wchar_t*	wchar_t* wxStrncat(wchar_t* dest, const char* src, size_t n)
const T&	int wxStrcmp_String(const wxString& s1, const T& s2)
const T&	int wxStricmp_String(const wxString& s1, const T& s2)
const T&	int wxStrcoll_String(const wxString& s1, const T& s2)
const T&	size_t wxStrspn_String(const wxString& s1, const T& s2)
const T&	size_t wxStrcspn_String(const wxString& s1, const T& s2)
const T&	int wxStrncmp_String(const wxString& s1, const T& s2, size_t n)
const T&	int wxStrnicmp_String(const wxString& s1, const T& s2, size_t n)
wchar_t*	size_t wxStrxfrm(wchar_t* dest, const wchar_t* src, size_t n)
T*	size_t wxStrxfrm(T* dest, const wxCharTypeBuffer< T >& src, size_t n)
wchar_t*	size_t wxStrxfrm(wchar_t* dest, const wxString& src, size_t n)
const wxCStrData&	size_t wxStrxfrm(char* dest, const wxCStrData& src, size_t n)
wchar_t*	size_t wxStrxfrm(wchar_t* dest, const wxCStrData& src, size_t n)
const wchar_t*	const wchar_t* wxStrstr(const wchar_t* haystack, const wchar_t* needle)
const wchar_t*	const wchar_t* wxStrstr(const wchar_t* haystack, const wxString& needle)
const wxCStrData&	const char* wxStrstr(const wxCStrData& haystack, const wxString& needle)
const wxCStrData&	const char* wxStrstr(const wxCStrData& haystack, const wxCStrData& needle)
const wxCStrData&	const char* wxStrstr(const wxCStrData& haystack, const char* needle)
const wchar_t*	const wchar_t* wxStrstr(const wxString& haystack, const wchar_t* needle)
const wchar_t*	const wchar_t* wxStrstr(const wxCStrData& haystack, const wchar_t* needle)
wchar_t*	wchar_t* wxStrstr(wchar_t* haystack, const wchar_t* needle)
wchar_t*	wchar_t* wxStrstr(wchar_t* haystack, const wxString& needle)
const wchar_t*	const wchar_t* wxStrchr(const wchar_t* s, wchar_t c)
const wxUniChar&	const char* wxStrchr(const char* s, const wxUniChar& c)
const wchar_t*	const wchar_t* wxStrchr(const wchar_t* s, const wxUniChar& c)
const wxUniCharRef&	const char* wxStrchr(const char* s, const wxUniCharRef& c)
const wchar_t*	const wchar_t* wxStrchr(const wchar_t* s, const wxUniCharRef& c)
const T*	const T* wxStrchr(const wxCharTypeBuffer< T >& s, T c)
const T*	const T* wxStrchr(const wxCharTypeBuffer< T >& s, const wxUniChar& c)
const T*	const T* wxStrchr(const wxCharTypeBuffer< T >& s, const wxUniCharRef& c)
const wxUniChar&	const char* wxStrchr(const wxString& s, const wxUniChar& c)
const wxUniCharRef&	const char* wxStrchr(const wxString& s, const wxUniCharRef& c)
const wchar_t*	const wchar_t* wxStrchr(const wxString& s, wchar_t c)
const wxCStrData&	const char* wxStrchr(const wxCStrData& s, char c)
const wxCStrData&	const char* wxStrchr(const wxCStrData& s, int c)
const wxCStrData&	const char* wxStrchr(const wxCStrData& s, const wxUniChar& c)
const wxCStrData&	const char* wxStrchr(const wxCStrData& s, const wxUniCharRef& c)
const wchar_t*	const wchar_t* wxStrchr(const wxCStrData& s, wchar_t c)
wchar_t*	wchar_t* wxStrchr(wchar_t* s, wchar_t c)
const wchar_t*	const wchar_t* wxStrrchr(const wchar_t* s, wchar_t c)
const wxUniChar&	const char* wxStrrchr(const char* s, const wxUniChar& c)
const wchar_t*	const wchar_t* wxStrrchr(const wchar_t* s, const wxUniChar& c)
const wxUniCharRef&	const char* wxStrrchr(const char* s, const wxUniCharRef& c)
const wchar_t*	const wchar_t* wxStrrchr(const wchar_t* s, const wxUniCharRef& c)
const T*	const T* wxStrrchr(const wxCharTypeBuffer< T >& s, T c)
const T*	const T* wxStrrchr(const wxCharTypeBuffer< T >& s, const wxUniChar& c)
const T*	const T* wxStrrchr(const wxCharTypeBuffer< T >& s, const wxUniCharRef& c)
const wxUniChar&	const char* wxStrrchr(const wxString& s, const wxUniChar& c)
const wxUniCharRef&	const char* wxStrrchr(const wxString& s, const wxUniCharRef& c)
const wchar_t*	const wchar_t* wxStrrchr(const wxString& s, wchar_t c)
const wxCStrData&	const char* wxStrrchr(const wxCStrData& s, char c)
const wxCStrData&	const char* wxStrrchr(const wxCStrData& s, int c)
const wxCStrData&	const char* wxStrrchr(const wxCStrData& s, const wxUniChar& c)
const wxCStrData&	const char* wxStrrchr(const wxCStrData& s, const wxUniCharRef& c)
const wchar_t*	const wchar_t* wxStrrchr(const wxCStrData& s, wchar_t c)
wchar_t*	wchar_t* wxStrrchr(wchar_t* s, wchar_t c)
const wchar_t*	const wchar_t* wxStrpbrk(const wchar_t* s, const wchar_t* accept)
const wxCStrData&	const char* wxStrpbrk(const char* s, const wxCStrData& accept)
const wchar_t*	const wchar_t* wxStrpbrk(const wchar_t* s, const wxString& accept)
const wchar_t*	const wchar_t* wxStrpbrk(const wchar_t* s, const wxCStrData& accept)
const wchar_t*	const wchar_t* wxStrpbrk(const wxString& s, const wchar_t* accept)
const wxCStrData&	const char* wxStrpbrk(const wxString& s, const wxCStrData& accept)
const wxCStrData&	const char* wxStrpbrk(const wxCStrData& s, const wxString& accept)
const wxCStrData&	const char* wxStrpbrk(const wxCStrData& s, const char* accept)
const wchar_t*	const wchar_t* wxStrpbrk(const wxCStrData& s, const wchar_t* accept)
const wxCStrData&	const char* wxStrpbrk(const wxCStrData& s, const wxCStrData& accept)
const T*	const T* wxStrpbrk(const S& s, const wxCharTypeBuffer< T >& accept)
wchar_t*	wchar_t* wxStrpbrk(wchar_t* s, const wchar_t* accept)
wchar_t*	wchar_t* wxStrpbrk(wchar_t* s, const wxString& accept)
FILE*	FILE* wxFopen(const wxString& path, const wxString& mode)
FILE*	FILE* wxFreopen(const wxString& path, const wxString& mode, FILE* stream)
FILE*	char* wxFgets(char* s, int size, FILE* stream)
FILE*	int wxFgetc(FILE* stream)
FILE*	int wxUngetc(int c, FILE* stream)
const struct tm*	size_t wxStrftime(char* s, size_t max, size_t max, const wxString& format, const struct tm* tm)
wchar_t*	size_t wxStrftime(wchar_t* s, size_t max, size_t max, const wxString& format, const struct tm* tm)
const wxUniChar&	bool wxIsalnum(const wxUniChar& c)
const wxUniChar&	bool wxIsalpha(const wxUniChar& c)
const wxUniChar&	bool wxIscntrl(const wxUniChar& c)
const wxUniChar&	bool wxIsdigit(const wxUniChar& c)
const wxUniChar&	bool wxIsgraph(const wxUniChar& c)
const wxUniChar&	bool wxIslower(const wxUniChar& c)
const wxUniChar&	bool wxIsprint(const wxUniChar& c)
const wxUniChar&	bool wxIspunct(const wxUniChar& c)
const wxUniChar&	bool wxIsspace(const wxUniChar& c)
const wxUniChar&	bool wxIsupper(const wxUniChar& c)
const wxUniChar&	bool wxIsxdigit(const wxUniChar& c)
wxUniChar	wxUniChar wxTolower(const wxUniChar& c)
wxUniChar	wxUniChar wxToupper(const wxUniChar& c)
const wxUniChar&	int wxIsctrl(const wxUniChar& c)
wchar_t	int wxIsalnum_l(wchar_t c, const wxXLocale& loc)
wchar_t	int wxIsalpha_l(wchar_t c, const wxXLocale& loc)
wchar_t	int wxIscntrl_l(wchar_t c, const wxXLocale& loc)
wchar_t	int wxIsdigit_l(wchar_t c, const wxXLocale& loc)
wchar_t	int wxIsgraph_l(wchar_t c, const wxXLocale& loc)
wchar_t	int wxIslower_l(wchar_t c, const wxXLocale& loc)
wchar_t	int wxIsprint_l(wchar_t c, const wxXLocale& loc)
wchar_t	int wxIspunct_l(wchar_t c, const wxXLocale& loc)
wchar_t	int wxIsspace_l(wchar_t c, const wxXLocale& loc)
wchar_t	int wxIsupper_l(wchar_t c, const wxXLocale& loc)
wchar_t	int wxIsxdigit_l(wchar_t c, const wxXLocale& loc)
wchar_t	wchar_t wxTolower_l(wchar_t c, const wxXLocale& loc)
wchar_t	wchar_t wxToupper_l(wchar_t c, const wxXLocale& loc)
const wchar_t*	double wxStrtod_l(const wchar_t* c, wchar_t** endptr, const wxXLocale& loc)
const wchar_t*	long wxStrtol_l(const wchar_t* c, wchar_t** endptr, int base, const wxXLocale& loc)
const wchar_t*	unsigned long wxStrtoul_l(const wchar_t* c, wchar_t** endptr, int base, const wxXLocale& loc)



Not Crossplatform Classes

wxMouseCaptureLostEvent
wxMouseCaptureChangedEvent
wxIconizeEvent
wxShowEvent
wxDropFilesEvent



Not Crossplatform Methods

wxImageList::Add
wxImageList::Replace
wxMenuItem::GetBitmap
wxTextCtrl::PositionToCoords
wxSlider::SetTickFreq
wxSlider::SetTick
wxSlider::SetThumbLength
wxSlider::SetSelection
wxSlider::GetTickFreq
wxSlider::GetThumbLength
wxSlider::GetSelStart
wxSlider::GetSelEnd
wxSlider::ClearSel
wxSlider::ClearTicks
wxDialog::IsMainButtonId
wxSound::IsPlaying
wxStandardPaths::GetInstallPrefix
wxStandardPaths::SetInstallPrefix



Methods implemented unhandled argument declarations




Constants

wxDEBUG_LEVEL = ""
wxEXPLICIT = ""
wxFAIL = ""
wxLongLongFmtSpec = ""
wxPG_ARRAY_DELIMITER = "wxS("Delimiter")"
wxPG_ATTR_AUTOCOMPLETE = "wxS("AutoComplete")"
wxPG_ATTR_DEFAULT_VALUE = "wxS("DefaultValue")"
wxPG_ATTR_HINT = "wxS("Hint")"
wxPG_ATTR_INLINE_HELP = "wxS("InlineHelp")"
wxPG_ATTR_MAX = "wxS("Max")"
wxPG_ATTR_MIN = "wxS("Min")"
wxPG_ATTR_MULTICHOICE_USERSTRINGMODE = "wxS("UserStringMode")"
wxPG_ATTR_SPINCTRL_MOTIONSPIN = "wxS("MotionSpin")"
wxPG_ATTR_SPINCTRL_STEP = "wxS("Step")"
wxPG_ATTR_SPINCTRL_WRAP = "wxS("Wrap")"
wxPG_ATTR_UNITS = "wxS("Units")"
wxPG_BOOL_USE_CHECKBOX = "wxS("UseCheckbox")"
wxPG_BOOL_USE_DOUBLE_CLICK_CYCLING = "wxS("UseDClickCycling")"
wxPG_COLOUR_ALLOW_CUSTOM = "wxS("AllowCustom")"
wxPG_COLOUR_HAS_ALPHA = "wxS("HasAlpha")"
wxPG_DATE_FORMAT = "wxS("DateFormat")"
wxPG_DATE_PICKER_STYLE = "wxS("PickerStyle")"
wxPG_DIR_DIALOG_MESSAGE = "wxS("DialogMessage")"
wxPG_FILE_DIALOG_STYLE = "wxS("DialogStyle")"
wxPG_FILE_DIALOG_TITLE = "wxS("DialogTitle")"
wxPG_FILE_INITIAL_PATH = "wxS("InitialPath")"
wxPG_FILE_SHOW_FULL_PATH = "wxS("ShowFullPath")"
wxPG_FILE_SHOW_RELATIVE_PATH = "wxS("ShowRelativePath")"
wxPG_FILE_WILDCARD = "wxS("Wildcard")"
wxPG_FLOAT_PRECISION = "wxS("Precision")"
wxPG_STRING_PASSWORD = "wxS("Password")"
wxPG_UINT_BASE = "wxS("Base")"
wxPG_UINT_PREFIX = "wxS("Prefix")"
wxRICHTEXT_ALL = "wxRichTextRange(-2, -2)"
wxRICHTEXT_DEFAULT_FOCUSSED_BACKGROUND = "wxColour(140, 140, 140)"
wxRICHTEXT_DEFAULT_FOCUS_RECT_COLOUR = "wxColour(100, 80, 80)"
wxRICHTEXT_DEFAULT_IMAGE_SIZE = "wxSize(80, 80)"
wxRICHTEXT_DEFAULT_OVERALL_SIZE = "wxSize(-1, -1)"
wxRICHTEXT_DEFAULT_TYPE_COLOUR = "wxColour(0, 0, 200)"
wxRICHTEXT_DEFAULT_UNFOCUSSED_BACKGROUND = "wxColour(175, 175, 175)"
wxRICHTEXT_DEFAULT_UNSELECTED_BACKGROUND = "wxSystemSettings::GetColour(wxSYS_COLOUR_3DFACE)"
wxRICHTEXT_NONE = "wxRichTextRange(-1, -1)"
wxRICHTEXT_NO_SELECTION = "wxRichTextRange(-2, -2)"
wxTheClipboard = ""
